SF:lib/feature/counter/counter_cubit.dart
DA:5,6
DA:9,2
DA:10,8
DA:11,6
DA:14,0
DA:15,0
DA:16,0
LF:7
LH:4
end_of_record
SF:lib/feature/counter/counter_repository.dart
DA:6,1
DA:7,1
DA:10,2
LF:3
LH:3
end_of_record
SF:lib/feature/counter/counter_page.dart
DA:8,2
DA:10,1
DA:12,1
DA:13,3
DA:14,2
DA:15,1
DA:16,1
DA:17,1
DA:18,1
DA:19,1
DA:20,1
DA:21,1
DA:22,3
DA:27,1
DA:29,1
DA:30,1
DA:32,1
DA:33,3
DA:38,1
DA:39,0
LF:20
LH:19
end_of_record
SF:lib/main.dart
DA:6,0
DA:7,0
DA:11,3
DA:14,1
DA:16,1
DA:17,2
DA:18,1
DA:20,1
LF:8
LH:6
end_of_record
